<?xml version="1.0" encoding="UTF-8"?>
<!-- Generated by org.testng.reporters.JUnitXMLReporter -->
<testsuite ignored="0" hostname="DESKTOP-9NF62C9" failures="0" tests="6" name="Test" time="0.147" errors="0" timestamp="2022-07-21T11:46:34 IST">
  <testcase classname="qaclickacademy.Mavenjava.SeleniumTest" name="webchecking" time="0.02"/>
  <testcase classname="qaclickacademy.Mavenjava.SeleniumTest" name="webchecking2" time="0.004"/>
  <testcase classname="qaclickacademy.Mavenjava.RestApiTest" name="cloud" time="0.003"/>
  <testcase classname="qaclickacademy.Mavenjava.RestApiTest" name="server" time="0.002"/>
  <testcase classname="qaclickacademy.Mavenjava.AppiumTest" name="Androidchecking" time="0.001"/>
  <testcase classname="qaclickacademy.Mavenjava.AppiumTest" name="IOSchecking2" time="0.001"/>
</testsuite> <!-- Test -->
