<?xml version="1.0" encoding="UTF-8"?>
<testng-results ignored="0" total="6" passed="6" failed="0" skipped="0">
  <reporter-output>
  </reporter-output>
  <suite started-at="2022-07-17T13:03:36 IST" name="Suite" finished-at="2022-07-17T13:03:36 IST" duration-ms="92">
    <groups>
    </groups>
    <test started-at="2022-07-17T13:03:36 IST" name="Test" finished-at="2022-07-17T13:03:36 IST" duration-ms="92">
      <class name="qaclickacademy.Mavenjava.AppiumTest">
        <test-method signature="Androidchecking()[pri:0, instance:qaclickacademy.Mavenjava.AppiumTest@6fe7aac8]" started-at="2022-07-17T13:03:36 IST" name="Androidchecking" finished-at="2022-07-17T13:03:36 IST" duration-ms="0" status="PASS">
          <reporter-output>
          </reporter-output>
        </test-method> <!-- Androidchecking -->
        <test-method signature="IOSchecking2()[pri:0, instance:qaclickacademy.Mavenjava.AppiumTest@6fe7aac8]" started-at="2022-07-17T13:03:36 IST" name="IOSchecking2" finished-at="2022-07-17T13:03:36 IST" duration-ms="1" status="PASS">
          <reporter-output>
          </reporter-output>
        </test-method> <!-- IOSchecking2 -->
      </class> <!-- qaclickacademy.Mavenjava.AppiumTest -->
      <class name="qaclickacademy.Mavenjava.RestApiTest">
        <test-method signature="cloud()[pri:0, instance:qaclickacademy.Mavenjava.RestApiTest@22a637e7]" started-at="2022-07-17T13:03:36 IST" name="cloud" finished-at="2022-07-17T13:03:36 IST" duration-ms="1" status="PASS">
          <reporter-output>
          </reporter-output>
        </test-method> <!-- cloud -->
        <test-method signature="server()[pri:0, instance:qaclickacademy.Mavenjava.RestApiTest@22a637e7]" started-at="2022-07-17T13:03:36 IST" name="server" finished-at="2022-07-17T13:03:36 IST" duration-ms="3" status="PASS">
          <reporter-output>
          </reporter-output>
        </test-method> <!-- server -->
      </class> <!-- qaclickacademy.Mavenjava.RestApiTest -->
      <class name="qaclickacademy.Mavenjava.SeleniumTest">
        <test-method signature="webchecking()[pri:0, instance:qaclickacademy.Mavenjava.SeleniumTest@36c88a32]" started-at="2022-07-17T13:03:36 IST" name="webchecking" finished-at="2022-07-17T13:03:36 IST" duration-ms="7" status="PASS">
          <reporter-output>
          </reporter-output>
        </test-method> <!-- webchecking -->
        <test-method signature="webchecking2()[pri:0, instance:qaclickacademy.Mavenjava.SeleniumTest@36c88a32]" started-at="2022-07-17T13:03:36 IST" name="webchecking2" finished-at="2022-07-17T13:03:36 IST" duration-ms="1" status="PASS">
          <reporter-output>
          </reporter-output>
        </test-method> <!-- webchecking2 -->
      </class> <!-- qaclickacademy.Mavenjava.SeleniumTest -->
    </test> <!-- Test -->
  </suite> <!-- Suite -->
</testng-results>
